#
# A fatal error has been detected by the Java Runtime Environment:
#
#  SIGSEGV (0xb) at pc=0x000000012a988e43, pid=11367, tid=59143
#
# JRE version: Java(TM) SE Runtime Environment (8.0_74-b02) (build 1.8.0_74-b02)
# Java VM: Java HotSpot(TM) 64-Bit Server VM (25.74-b02 mixed mode bsd-amd64 compressed oops)
# Problematic frame:
# C  [libawt_lwawt.dylib+0x1ae43]  OGLSD_SetScratchSurface+0x49
#
# Failed to write core dump. Core dumps have been disabled. To enable core dumping, try "ulimit -c unlimited" before starting Java again
#
# If you would like to submit a bug report, please visit:
#   http://bugreport.java.com/bugreport/crash.jsp
# The crash happened outside the Java Virtual Machine in native code.
# See problematic frame for where to report the bug.
#

---------------  T H R E A D  ---------------

Current thread (0x00007fe593229800):  JavaThread "Java2D Queue Flusher" daemon [_thread_in_native, id=59143, stack(0x000070000a3ab000,0x000070000a4ab000)]

siginfo: si_signo: 11 (SIGSEGV), si_code: 0 (unknown), si_addr: 0x0000000000000000

Registers:
RAX=0x00000000ffffffff, RBX=0x6000000000000002, RCX=0x0000000000000047, RDX=0x000000012a9a98ec
RSP=0x000070000a4aa730, RBP=0x000070000a4aa750, RSI=0x00007fe594a002d0, RDI=0x00007fe5932299f8
R8 =0x0000000000000162, R9 =0x00000000000783fd, R10=0x00000001104f4db8, R11=0x00000001104a2480
R12=0x0000000000000000, R13=0x000070000a4aa8e8, R14=0x00007fe5932299f8, R15=0x00007fe593229800
RIP=0x000000012a988e43, EFLAGS=0x0000000000010202, ERR=0x0000000000000000
  TRAPNO=0x000000000000000d

Top of Stack: (sp=0x000070000a4aa730)
0x000070000a4aa730:   00007fe594a002d0 0000000000000000
0x000070000a4aa740:   00007fe593221810 00007fe593229800
0x000070000a4aa750:   000070000a4aa7d0 000000012a9a93ca
0x000070000a4aa760:   00007fe592568200 0000000200000001
0x000070000a4aa770:   00007f0000000000 0000000000000000
0x000070000a4aa780:   0000000000000000 0000000000000000
0x000070000a4aa790:   000070000a4aa7d0 00007fe593221820
0x000070000a4aa7a0:   00000000004aa7e0 00007fe5932299f8
0x000070000a4aa7b0:   0000000131118220 0000000000000000
0x000070000a4aa7c0:   000070000a4aa968 00007fe593229800
0x000070000a4aa7d0:   000070000a4aa820 00000001104f4e2a
0x000070000a4aa7e0:   00000006c6f03368 000000010d32e8f0
0x000070000a4aa7f0:   0000000000000064 0000000000000000
0x000070000a4aa800:   0000000000000064 00007fe592567948
0x000070000a4aa810:   000070000a4aa870 000000010d14bc48
0x000070000a4aa820:   000070000a4aa940 000000011027bafc
0x000070000a4aa830:   0000000000000001 00007fe592568980
0x000070000a4aa840:   00000006c6efa600 00007fe593229800
0x000070000a4aa850:   00007fe593229800 000000010f6f6a00
0x000070000a4aa860:   000070000a4aa968 00007fe593229800
0x000070000a4aa870:   000070000a4aa8c0 0000000110320b68
0x000070000a4aa880:   00000006c6f03368 0000000110464b66
0x000070000a4aa890:   000070000a4aa940 00000001104a24dc
0x000070000a4aa8a0:   00000006c6efa6d0 00000001103d6e74
0x000070000a4aa8b0:   000000010fea0478 0000000000000000
0x000070000a4aa8c0:   000070000a4aa940 00000001100e8c4d
0x000070000a4aa8d0:   000070000a4aa940 00000001100e8c4d
0x000070000a4aa8e0:   00000001100e8c4d 00000006c6f03368
0x000070000a4aa8f0:   0000000000000001 00000006c6efa6d0
0x000070000a4aa900:   000070000a4aa8f0 000000010fb456e1
0x000070000a4aa910:   000070000a4aa968 000000010fb45f68
0x000070000a4aa920:   0000000000000000 000000010fb457e8 

Instructions: (pc=0x000000012a988e43)
0x000000012a988e23:   c0 e9 82 00 00 00 48 8b 5e 10 48 85 db 75 0e bf
0x000000012a988e33:   01 00 00 00 48 8d 15 fd 75 03 00 eb d6 49 89 fe
0x000000012a988e43:   4c 8b 3b 30 c0 e8 c5 a2 02 00 49 8b 3f 49 89 c4
0x000000012a988e53:   48 8b 35 ae f7 05 00 30 c0 e8 0d a4 02 00 48 85 

Register to memory mapping:

RAX=0x00000000ffffffff is an unknown value
RBX=0x6000000000000002 is an unknown value
RCX=0x0000000000000047 is an unknown value
RDX=0x000000012a9a98ec: Java_sun_java2d_opengl_OGLRenderQueue_flushBuffer+0xb5c in /Library/Java/JavaVirtualMachines/jdk1.8.0_74.jdk/Contents/Home/jre/lib/libawt_lwawt.dylib at 0x000000012a96e000
RSP=0x000070000a4aa730 is pointing into the stack for thread: 0x00007fe593229800
RBP=0x000070000a4aa750 is pointing into the stack for thread: 0x00007fe593229800
RSI=0x00007fe594a002d0 is an unknown value
RDI=0x00007fe5932299f8 is an unknown value
R8 =0x0000000000000162 is an unknown value
R9 =0x00000000000783fd is an unknown value
R10=0x00000001104f4db8 is at entry_point+56 in (nmethod*)0x00000001104f4c10
R11=0x00000001104a2480 is at entry_point+0 in (nmethod*)0x00000001104a2310
R12=0x0000000000000000 is an unknown value
R13=0x000070000a4aa8e8 is pointing into the stack for thread: 0x00007fe593229800
R14=0x00007fe5932299f8 is an unknown value
R15=0x00007fe593229800 is a thread


Stack: [0x000070000a3ab000,0x000070000a4ab000],  sp=0x000070000a4aa730,  free space=1021k
Native frames: (J=compiled Java code, j=interpreted, Vv=VM code, C=native code)
C  [libawt_lwawt.dylib+0x1ae43]  OGLSD_SetScratchSurface+0x49
C  [libawt_lwawt.dylib+0x3b3ca]  Java_sun_java2d_opengl_OGLRenderQueue_flushBuffer+0x63a
J 1292  sun.java2d.opengl.OGLRenderQueue.flushBuffer(JI)V (0 bytes) @ 0x00000001104f4e2a [0x00000001104f4d80+0xaa]
J 1106 C1 sun.java2d.opengl.OGLRenderQueue.flushBuffer()V (41 bytes) @ 0x000000011027bafc [0x000000011027b8a0+0x25c]
J 1039 C1 sun.java2d.opengl.OGLRenderQueue.access$100(Lsun/java2d/opengl/OGLRenderQueue;)V (5 bytes) @ 0x00000001104a24dc [0x00000001104a2480+0x5c]
j  sun.java2d.opengl.OGLRenderQueue$QueueFlusher.run()V+81
v  ~StubRoutines::call_stub
V  [libjvm.dylib+0x2ea39e]
V  [libjvm.dylib+0x2eab2c]
V  [libjvm.dylib+0x2eacd8]
V  [libjvm.dylib+0x345255]
V  [libjvm.dylib+0x560e03]
V  [libjvm.dylib+0x5624fe]
V  [libjvm.dylib+0x482eda]
C  [libsystem_pthread.dylib+0x3aab]  _pthread_body+0xb4
C  [libsystem_pthread.dylib+0x39f7]  _pthread_body+0x0
C  [libsystem_pthread.dylib+0x3221]  thread_start+0xd
C  0x0000000000000000

Java frames: (J=compiled Java code, j=interpreted, Vv=VM code)
J 1292  sun.java2d.opengl.OGLRenderQueue.flushBuffer(JI)V (0 bytes) @ 0x00000001104f4db8 [0x00000001104f4d80+0x38]
J 1106 C1 sun.java2d.opengl.OGLRenderQueue.flushBuffer()V (41 bytes) @ 0x000000011027bafc [0x000000011027b8a0+0x25c]
J 1039 C1 sun.java2d.opengl.OGLRenderQueue.access$100(Lsun/java2d/opengl/OGLRenderQueue;)V (5 bytes) @ 0x00000001104a24dc [0x00000001104a2480+0x5c]
j  sun.java2d.opengl.OGLRenderQueue$QueueFlusher.run()V+81
v  ~StubRoutines::call_stub

---------------  P R O C E S S  ---------------

Java Threads: ( => current thread )
  0x00007fe594005000 JavaThread "TimerQueue" daemon [_thread_blocked, id=72755, stack(0x000070000a73a000,0x000070000a83a000)]
  0x00007fe5928e5800 JavaThread "DestroyJavaVM" [_thread_blocked, id=7171, stack(0x0000700008ce0000,0x0000700008de0000)]
  0x00007fe59384e000 JavaThread "AWT-EventQueue-0" [_thread_blocked, id=68611, stack(0x000070000a1a2000,0x000070000a2a2000)]
  0x00007fe595801000 JavaThread "AWT-Shutdown" [_thread_blocked, id=62471, stack(0x0000700008b57000,0x0000700008c57000)]
  0x00007fe59390a800 JavaThread "Java2D Disposer" daemon [_thread_blocked, id=61455, stack(0x000070000a4ae000,0x000070000a5ae000)]
=>0x00007fe593229800 JavaThread "Java2D Queue Flusher" daemon [_thread_in_native, id=59143, stack(0x000070000a3ab000,0x000070000a4ab000)]
  0x00007fe5940b9800 JavaThread "AppKit Thread" daemon [_thread_in_native, id=775, stack(0x00007fff536f3000,0x00007fff53ef3000)]
  0x00007fe593806800 JavaThread "Service Thread" daemon [_thread_blocked, id=21251, stack(0x0000700009e13000,0x0000700009f13000)]
  0x00007fe59401b800 JavaThread "C1 CompilerThread3" daemon [_thread_blocked, id=20739, stack(0x0000700009d10000,0x0000700009e10000)]
  0x00007fe593804800 JavaThread "C2 CompilerThread2" daemon [_thread_blocked, id=20227, stack(0x0000700009c0d000,0x0000700009d0d000)]
  0x00007fe592808800 JavaThread "C2 CompilerThread1" daemon [_thread_blocked, id=19715, stack(0x0000700009b0a000,0x0000700009c0a000)]
  0x00007fe593078000 JavaThread "C2 CompilerThread0" daemon [_thread_blocked, id=19203, stack(0x0000700009a07000,0x0000700009b07000)]
  0x00007fe593034800 JavaThread "Signal Dispatcher" daemon [_thread_blocked, id=18691, stack(0x0000700009904000,0x0000700009a04000)]
  0x00007fe593803800 JavaThread "Finalizer" daemon [_thread_blocked, id=14595, stack(0x0000700009801000,0x0000700009901000)]
  0x00007fe59305d000 JavaThread "Reference Handler" daemon [_thread_blocked, id=14083, stack(0x00007000096fe000,0x00007000097fe000)]

Other Threads:
  0x00007fe593058800 VMThread [stack: 0x00007000095fb000,0x00007000096fb000] [id=13571]
  0x00007fe593821800 WatcherThread [stack: 0x0000700009f16000,0x000070000a016000] [id=21763]

VM state:not at safepoint (normal execution)

VM Mutex/Monitor currently owned by a thread: None

Heap:
 PSYoungGen      total 343552K, used 179177K [0x000000076ab00000, 0x000000078dc80000, 0x00000007c0000000)
  eden space 152576K, 12% used [0x000000076ab00000,0x000000076bdcb630,0x0000000774000000)
  from space 190976K, 83% used [0x0000000774000000,0x000000077dc2f0a0,0x000000077fa80000)
  to   space 207360K, 0% used [0x0000000781200000,0x0000000781200000,0x000000078dc80000)
 ParOldGen       total 609280K, used 338134K [0x00000006c0000000, 0x00000006e5300000, 0x000000076ab00000)
  object space 609280K, 55% used [0x00000006c0000000,0x00000006d4a35bb8,0x00000006e5300000)
 Metaspace       used 11096K, capacity 11342K, committed 11520K, reserved 1058816K
  class space    used 1340K, capacity 1423K, committed 1536K, reserved 1048576K

Card table byte_map: [0x000000010e14f000,0x000000010e950000] byte_map_base: 0x000000010ab4f000

Marking Bits: (ParMarkBitMap*) 0x000000010d6e3ea0
 Begin Bits: [0x000000011f0e1000, 0x00000001230e1000)
 End Bits:   [0x00000001230e1000, 0x00000001270e1000)

Polling page: 0x000000010bdcd000

CodeCache: size=245760Kb used=4289Kb max_used=4289Kb free=241470Kb
 bounds [0x00000001100e1000, 0x0000000110521000, 0x000000011f0e1000]
 total_blobs=1782 nmethods=1285 adapters=410
 compilation: enabled

Compilation events (10 events):
Event: 1382.667 Thread 0x00007fe59401b800 1339       3       sun.java2d.pipe.PixelToParallelogramConverter::normalize (15 bytes)
Event: 1382.667 Thread 0x00007fe59401b800 nmethod 1339 0x0000000110511790 code [0x0000000110511940, 0x0000000110511bc8]
Event: 1382.671 Thread 0x00007fe59401b800 1340       3       java.awt.image.DataBuffer$1::getTrackable (5 bytes)
Event: 1382.671 Thread 0x00007fe59401b800 nmethod 1340 0x0000000110512b50 code [0x0000000110512cc0, 0x0000000110512e10]
Event: 1382.727 Thread 0x00007fe59401b800 1341       1       sun.awt.CGraphicsDevice::getScaleFactor (5 bytes)
Event: 1382.728 Thread 0x00007fe59401b800 nmethod 1341 0x0000000110512ed0 code [0x0000000110513020, 0x0000000110513130]
Event: 1382.731 Thread 0x00007fe59401b800 1342       3       java.awt.geom.Rectangle2D$Double::getX (5 bytes)
Event: 1382.731 Thread 0x00007fe59401b800 nmethod 1342 0x0000000110513190 code [0x00000001105132e0, 0x0000000110513430]
Event: 1382.731 Thread 0x00007fe59401b800 1343       3       java.awt.geom.Rectangle2D$Double::getY (5 bytes)
Event: 1382.731 Thread 0x00007fe59401b800 nmethod 1343 0x0000000110513490 code [0x00000001105135e0, 0x0000000110513730]

GC Heap History (10 events):
Event: 12.637 GC heap before
{Heap before GC invocations=7 (full 2):
 PSYoungGen      total 167936K, used 10736K [0x000000076ab00000, 0x0000000781b80000, 0x00000007c0000000)
  eden space 157184K, 0% used [0x000000076ab00000,0x000000076ab00000,0x0000000774480000)
  from space 10752K, 99% used [0x000000077ab00000,0x000000077b57c020,0x000000077b580000)
  to   space 104448K, 0% used [0x000000077b580000,0x000000077b580000,0x0000000781b80000)
 ParOldGen       total 312320K, used 272686K [0x00000006c0000000, 0x00000006d3100000, 0x000000076ab00000)
  object space 312320K, 87% used [0x00000006c0000000,0x00000006d0a4b9a0,0x00000006d3100000)
 Metaspace       used 8435K, capacity 8636K, committed 8832K, reserved 1056768K
  class space    used 1032K, capacity 1122K, committed 1152K, reserved 1048576K
Event: 13.131 GC heap after
Heap after GC invocations=7 (full 2):
 PSYoungGen      total 167936K, used 0K [0x000000076ab00000, 0x0000000781b80000, 0x00000007c0000000)
  eden space 157184K, 0% used [0x000000076ab00000,0x000000076ab00000,0x0000000774480000)
  from space 10752K, 0% used [0x000000077ab00000,0x000000077ab00000,0x000000077b580000)
  to   space 104448K, 0% used [0x000000077b580000,0x000000077b580000,0x0000000781b80000)
 ParOldGen       total 609280K, used 275546K [0x00000006c0000000, 0x00000006e5300000, 0x000000076ab00000)
  object space 609280K, 45% used [0x00000006c0000000,0x00000006d0d16a48,0x00000006e5300000)
 Metaspace       used 8435K, capacity 8636K, committed 8832K, reserved 1056768K
  class space    used 1032K, capacity 1122K, committed 1152K, reserved 1048576K
}
Event: 16.434 GC heap before
{Heap before GC invocations=8 (full 2):
 PSYoungGen      total 167936K, used 157184K [0x000000076ab00000, 0x0000000781b80000, 0x00000007c0000000)
  eden space 157184K, 100% used [0x000000076ab00000,0x0000000774480000,0x0000000774480000)
  from space 10752K, 0% used [0x000000077ab00000,0x000000077ab00000,0x000000077b580000)
  to   space 104448K, 0% used [0x000000077b580000,0x000000077b580000,0x0000000781b80000)
 ParOldGen       total 609280K, used 275546K [0x00000006c0000000, 0x00000006e5300000, 0x000000076ab00000)
  object space 609280K, 45% used [0x00000006c0000000,0x00000006d0d16a48,0x00000006e5300000)
 Metaspace       used 8438K, capacity 8636K, committed 8832K, reserved 1056768K
  class space    used 1032K, capacity 1122K, committed 1152K, reserved 1048576K
Event: 16.478 GC heap after
Heap after GC invocations=8 (full 2):
 PSYoungGen      total 258560K, used 91472K [0x000000076ab00000, 0x0000000783e80000, 0x00000007c0000000)
  eden space 154112K, 0% used [0x000000076ab00000,0x000000076ab00000,0x0000000774180000)
  from space 104448K, 87% used [0x000000077b580000,0x0000000780ed40a0,0x0000000781b80000)
  to   space 118784K, 0% used [0x0000000774180000,0x0000000774180000,0x000000077b580000)
 ParOldGen       total 609280K, used 275546K [0x00000006c0000000, 0x00000006e5300000, 0x000000076ab00000)
  object space 609280K, 45% used [0x00000006c0000000,0x00000006d0d16a48,0x00000006e5300000)
 Metaspace       used 8438K, capacity 8636K, committed 8832K, reserved 1056768K
  class space    used 1032K, capacity 1122K, committed 1152K, reserved 1048576K
}
Event: 19.760 GC heap before
{Heap before GC invocations=9 (full 2):
 PSYoungGen      total 258560K, used 245584K [0x000000076ab00000, 0x0000000783e80000, 0x00000007c0000000)
  eden space 154112K, 100% used [0x000000076ab00000,0x0000000774180000,0x0000000774180000)
  from space 104448K, 87% used [0x000000077b580000,0x0000000780ed40a0,0x0000000781b80000)
  to   space 118784K, 0% used [0x0000000774180000,0x0000000774180000,0x000000077b580000)
 ParOldGen       total 609280K, used 275546K [0x00000006c0000000, 0x00000006e5300000, 0x000000076ab00000)
  object space 609280K, 45% used [0x00000006c0000000,0x00000006d0d16a48,0x00000006e5300000)
 Metaspace       used 8438K, capacity 8636K, committed 8832K, reserved 1056768K
  class space    used 1032K, capacity 1122K, committed 1152K, reserved 1048576K
Event: 19.856 GC heap after
Heap after GC invocations=9 (full 2):
 PSYoungGen      total 272896K, used 118752K [0x000000076ab00000, 0x0000000789f00000, 0x00000007c0000000)
  eden space 154112K, 0% used [0x000000076ab00000,0x000000076ab00000,0x0000000774180000)
  from space 118784K, 99% used [0x0000000774180000,0x000000077b578050,0x000000077b580000)
  to   space 168448K, 0% used [0x000000077fa80000,0x000000077fa80000,0x0000000789f00000)
 ParOldGen       total 609280K, used 338118K [0x00000006c0000000, 0x00000006e5300000, 0x000000076ab00000)
  object space 609280K, 55% used [0x00000006c0000000,0x00000006d4a31bb8,0x00000006e5300000)
 Metaspace       used 8438K, capacity 8636K, committed 8832K, reserved 1056768K
  class space    used 1032K, capacity 1122K, committed 1152K, reserved 1048576K
}
Event: 1103.729 GC heap before
{Heap before GC invocations=10 (full 2):
 PSYoungGen      total 272896K, used 269831K [0x000000076ab00000, 0x0000000789f00000, 0x00000007c0000000)
  eden space 154112K, 98% used [0x000000076ab00000,0x0000000773e89d90,0x0000000774180000)
  from space 118784K, 99% used [0x0000000774180000,0x000000077b578050,0x000000077b580000)
  to   space 168448K, 0% used [0x000000077fa80000,0x000000077fa80000,0x0000000789f00000)
 ParOldGen       total 609280K, used 338118K [0x00000006c0000000, 0x00000006e5300000, 0x000000076ab00000)
  object space 609280K, 55% used [0x00000006c0000000,0x00000006d4a31bb8,0x00000006e5300000)
 Metaspace       used 10823K, capacity 11054K, committed 11136K, reserved 1058816K
  class space    used 1311K, capacity 1391K, committed 1408K, reserved 1048576K
Event: 1103.809 GC heap after
Heap after GC invocations=10 (full 2):
 PSYoungGen      total 321024K, used 157829K [0x000000076ab00000, 0x000000078c680000, 0x00000007c0000000)
  eden space 152576K, 0% used [0x000000076ab00000,0x000000076ab00000,0x0000000774000000)
  from space 168448K, 93% used [0x000000077fa80000,0x00000007894a17f0,0x0000000789f00000)
  to   space 190976K, 0% used [0x0000000774000000,0x0000000774000000,0x000000077fa80000)
 ParOldGen       total 609280K, used 338126K [0x00000006c0000000, 0x00000006e5300000, 0x000000076ab00000)
  object space 609280K, 55% used [0x00000006c0000000,0x00000006d4a33bb8,0x00000006e5300000)
 Metaspace       used 10823K, capacity 11054K, committed 11136K, reserved 1058816K
  class space    used 1311K, capacity 1391K, committed 1408K, reserved 1048576K
}
Event: 1382.732 GC heap before
{Heap before GC invocations=11 (full 2):
 PSYoungGen      total 321024K, used 296720K [0x000000076ab00000, 0x000000078c680000, 0x00000007c0000000)
  eden space 152576K, 91% used [0x000000076ab00000,0x00000007732a28a0,0x0000000774000000)
  from space 168448K, 93% used [0x000000077fa80000,0x00000007894a17f0,0x0000000789f00000)
  to   space 190976K, 0% used [0x0000000774000000,0x0000000774000000,0x000000077fa80000)
 ParOldGen       total 609280K, used 338126K [0x00000006c0000000, 0x00000006e5300000, 0x000000076ab00000)
  object space 609280K, 55% used [0x00000006c0000000,0x00000006d4a33bb8,0x00000006e5300000)
 Metaspace       used 11096K, capacity 11342K, committed 11520K, reserved 1058816K
  class space    used 1340K, capacity 1423K, committed 1536K, reserved 1048576K
Event: 1382.936 GC heap after
Heap after GC invocations=11 (full 2):
 PSYoungGen      total 343552K, used 159932K [0x000000076ab00000, 0x000000078dc80000, 0x00000007c0000000)
  eden space 152576K, 0% used [0x000000076ab00000,0x000000076ab00000,0x0000000774000000)
  from space 190976K, 83% used [0x0000000774000000,0x000000077dc2f0a0,0x000000077fa80000)
  to   space 207360K, 0% used [0x0000000781200000,0x0000000781200000,0x000000078dc80000)
 ParOldGen       total 609280K, used 338134K [0x00000006c0000000, 0x00000006e5300000, 0x000000076ab00000)
  object space 609280K, 55% used [0x00000006c0000000,0x00000006d4a35bb8,0x00000006e5300000)
 Metaspace       used 11096K, capacity 11342K, committed 11520K, reserved 1058816K
  class space    used 1340K, capacity 1423K, committed 1536K, reserved 1048576K
}

Deoptimization events (10 events):
Event: 1104.386 Thread 0x00007fe5940b9800 Uncommon trap: reason=class_check action=maybe_recompile pc=0x000000011039ace8 method=java.util.HashMap.putVal(ILjava/lang/Object;Ljava/lang/Object;ZZ)Ljava/lang/Object; @ 203
Event: 1104.386 Thread 0x00007fe5940b9800 Uncommon trap: reason=class_check action=maybe_recompile pc=0x000000011039ace8 method=java.util.HashMap.putVal(ILjava/lang/Object;Ljava/lang/Object;ZZ)Ljava/lang/Object; @ 203
Event: 1104.386 Thread 0x00007fe59384e000 Uncommon trap: reason=class_check action=maybe_recompile pc=0x000000011024a65c method=java.lang.String.equals(Ljava/lang/Object;)Z @ 8
Event: 1104.386 Thread 0x00007fe59384e000 Uncommon trap: reason=class_check action=maybe_recompile pc=0x000000011024a65c method=java.lang.String.equals(Ljava/lang/Object;)Z @ 8
Event: 1104.538 Thread 0x00007fe59384e000 Uncommon trap: reason=class_check action=maybe_recompile pc=0x000000011024a65c method=java.lang.String.equals(Ljava/lang/Object;)Z @ 8
Event: 1104.538 Thread 0x00007fe59384e000 Uncommon trap: reason=class_check action=maybe_recompile pc=0x000000011024a65c method=java.lang.String.equals(Ljava/lang/Object;)Z @ 8
Event: 1104.750 Thread 0x00007fe59384e000 Uncommon trap: reason=unstable_if action=reinterpret pc=0x000000011028a0ec method=java.util.PriorityQueue.offer(Ljava/lang/Object;)Z @ 51
Event: 1104.750 Thread 0x00007fe59384e000 Uncommon trap: reason=predicate action=maybe_recompile pc=0x00000001102de4dc method=java.util.PriorityQueue.siftUpUsingComparator(ILjava/lang/Object;)V @ 4
Event: 1105.156 Thread 0x00007fe59384e000 Uncommon trap: reason=unstable_if action=reinterpret pc=0x00000001102ae8ec method=java.util.PriorityQueue.offer(Ljava/lang/Object;)Z @ 51
Event: 1105.163 Thread 0x00007fe59384e000 Uncommon trap: reason=unstable_if action=reinterpret pc=0x00000001102afd84 method=java.util.PriorityQueue$Itr.hasNext()Z @ 11

Internal exceptions (10 events):
Event: 0.221 Thread 0x00007fe594005000 Exception <a 'java/io/FileNotFoundException'> (0x000000076ae31468) thrown at [/Users/java_re/workspace/8-2-build-macosx-x86_64/jdk8u74/6087/hotspot/src/share/vm/prims/jni.cpp, line 709]
Event: 0.221 Thread 0x00007fe594005000 Exception <a 'java/io/FileNotFoundException'> (0x000000076ae31fb0) thrown at [/Users/java_re/workspace/8-2-build-macosx-x86_64/jdk8u74/6087/hotspot/src/share/vm/prims/jni.cpp, line 709]
Event: 5.207 Thread 0x00007fe594005000 Implicit null exception at 0x00000001102c7afc to 0x00000001102c826d
Event: 5.207 Thread 0x00007fe594005000 Implicit null exception at 0x00000001102bfbb5 to 0x00000001102c021d
Event: 22.337 Thread 0x00007fe594005000 Implicit null exception at 0x000000011032e22f to 0x000000011032cfb5
Event: 22.395 Thread 0x00007fe594005000 Implicit null exception at 0x00000001102c3347 to 0x00000001102c3449
Event: 23.872 Thread 0x00007fe59384e000 Implicit null exception at 0x00000001102f95dd to 0x00000001102f9759
Event: 1103.810 Thread 0x00007fe593803800 Exception <a 'java/lang/NullPointerException'> (0x000000076b2f6c10) thrown at [/Users/java_re/workspace/8-2-build-macosx-x86_64/jdk8u74/6087/hotspot/src/share/vm/interpreter/linkResolver.cpp, line 1178]
Event: 1126.199 Thread 0x00007fe59384e000 Exception <a 'java/lang/StringIndexOutOfBoundsException'> (0x000000077128e310) thrown at [/Users/java_re/workspace/8-2-build-macosx-x86_64/jdk8u74/6087/hotspot/src/share/vm/prims/jvm.cpp, line 1390]
Event: 1126.199 Thread 0x00007fe59384e000 Exception <a 'java/lang/StringIndexOutOfBoundsException'> (0x000000077128e310) thrown at [/Users/java_re/workspace/8-2-build-macosx-x86_64/jdk8u74/6087/hotspot/src/share/vm/prims/jvm.cpp, line 1390]

Events (10 events):
Event: 1382.732 Executing VM operation: ParallelGCFailedAllocation
Event: 1382.936 Executing VM operation: ParallelGCFailedAllocation done
Event: 1382.937 Executing VM operation: RevokeBias
Event: 1382.940 Executing VM operation: RevokeBias done
Event: 1382.940 Executing VM operation: RevokeBias
Event: 1382.940 Executing VM operation: RevokeBias done
Event: 1382.940 Executing VM operation: RevokeBias
Event: 1382.940 Executing VM operation: RevokeBias done
Event: 1382.940 Executing VM operation: RevokeBias
Event: 1382.940 Executing VM operation: RevokeBias done


Dynamic libraries:
0x0000000036053000 	/System/Library/Frameworks/Cocoa.framework/Versions/A/Cocoa
0x0000000036053000 	/System/Library/Frameworks/Security.framework/Versions/A/Security
0x0000000036053000 	/System/Library/Frameworks/ApplicationServices.framework/Versions/A/ApplicationServices
0x0000000036053000 	/usr/lib/libz.1.dylib
0x0000000036053000 	/usr/lib/libSystem.B.dylib
0x0000000036053000 	/usr/lib/libobjc.A.dylib
0x0000000036053000 	/System/Library/Frameworks/CoreFoundation.framework/Versions/A/CoreFoundation
0x0000000036053000 	/System/Library/Frameworks/Foundation.framework/Versions/C/Foundation
0x0000000036053000 	/System/Library/Frameworks/AppKit.framework/Versions/C/AppKit
0x0000000036053000 	/System/Library/Frameworks/CoreData.framework/Versions/A/CoreData
0x0000000036053000 	/System/Library/PrivateFrameworks/RemoteViewServices.framework/Versions/A/RemoteViewServices
0x0000000036053000 	/System/Library/PrivateFrameworks/UIFoundation.framework/Versions/A/UIFoundation
0x0000000036053000 	/usr/lib/libenergytrace.dylib
0x0000000036053000 	/System/Library/PrivateFrameworks/SkyLight.framework/Versions/A/SkyLight
0x0000000036053000 	/System/Library/Frameworks/CoreGraphics.framework/Versions/A/CoreGraphics
0x0000000036053000 	/usr/lib/libScreenReader.dylib
0x0000000036053000 	/System/Library/Frameworks/Accelerate.framework/Versions/A/Accelerate
0x0000000036053000 	/System/Library/Frameworks/IOSurface.framework/Versions/A/IOSurface
0x0000000036053000 	/System/Library/Frameworks/AudioToolbox.framework/Versions/A/AudioToolbox
0x0000000036053000 	/System/Library/Frameworks/AudioUnit.framework/Versions/A/AudioUnit
0x0000000036053000 	/System/Library/PrivateFrameworks/DataDetectorsCore.framework/Versions/A/DataDetectorsCore
0x0000000036053000 	/System/Library/PrivateFrameworks/DesktopServicesPriv.framework/Versions/A/DesktopServicesPriv
0x0000000036053000 	/System/Library/Frameworks/Carbon.framework/Versions/A/Frameworks/HIToolbox.framework/Versions/A/HIToolbox
0x0000000036053000 	/usr/lib/libicucore.A.dylib
0x0000000036053000 	/System/Library/Frameworks/QuartzCore.framework/Versions/A/QuartzCore
0x0000000036053000 	/System/Library/Frameworks/Carbon.framework/Versions/A/Frameworks/SpeechRecognition.framework/Versions/A/SpeechRecognition
0x0000000036053000 	/usr/lib/libauto.dylib
0x0000000036053000 	/usr/lib/libxml2.2.dylib
0x0000000036053000 	/System/Library/PrivateFrameworks/CoreUI.framework/Versions/A/CoreUI
0x0000000036053000 	/System/Library/Frameworks/CoreAudio.framework/Versions/A/CoreAudio
0x0000000036053000 	/System/Library/Frameworks/DiskArbitration.framework/Versions/A/DiskArbitration
0x0000000036053000 	/usr/lib/liblangid.dylib
0x0000000036053000 	/System/Library/PrivateFrameworks/MultitouchSupport.framework/Versions/A/MultitouchSupport
0x0000000036053000 	/System/Library/Frameworks/IOKit.framework/Versions/A/IOKit
0x0000000036053000 	/usr/lib/libDiagnosticMessagesClient.dylib
0x0000000036053000 	/System/Library/Frameworks/CoreServices.framework/Versions/A/CoreServices
0x0000000036053000 	/System/Library/PrivateFrameworks/PerformanceAnalysis.framework/Versions/A/PerformanceAnalysis
0x0000000036053000 	/System/Library/PrivateFrameworks/GenerationalStorage.framework/Versions/A/GenerationalStorage
0x0000000036053000 	/System/Library/Frameworks/OpenGL.framework/Versions/A/OpenGL
0x0000000036053000 	/System/Library/Frameworks/CoreImage.framework/Versions/A/CoreImage
0x0000000036053000 	/System/Library/Frameworks/CoreText.framework/Versions/A/CoreText
0x0000000036053000 	/System/Library/Frameworks/ImageIO.framework/Versions/A/ImageIO
0x0000000036053000 	/System/Library/PrivateFrameworks/Backup.framework/Versions/A/Backup
0x0000000036053000 	/usr/lib/libarchive.2.dylib
0x0000000036053000 	/System/Library/Frameworks/CFNetwork.framework/Versions/A/CFNetwork
0x0000000036053000 	/System/Library/Frameworks/SystemConfiguration.framework/Versions/A/SystemConfiguration
0x0000000036053000 	/usr/lib/libCRFSuite.dylib
0x0000000036053000 	/usr/lib/libc++.1.dylib
0x0000000036053000 	/usr/lib/libc++abi.dylib
0x0000000036053000 	/usr/lib/system/libcache.dylib
0x0000000036053000 	/usr/lib/system/libcommonCrypto.dylib
0x0000000036053000 	/usr/lib/system/libcompiler_rt.dylib
0x0000000036053000 	/usr/lib/system/libcopyfile.dylib
0x0000000036053000 	/usr/lib/system/libcorecrypto.dylib
0x0000000036053000 	/usr/lib/system/libdispatch.dylib
0x0000000036053000 	/usr/lib/system/libdyld.dylib
0x0000000036053000 	/usr/lib/system/libkeymgr.dylib
0x0000000036053000 	/usr/lib/system/liblaunch.dylib
0x0000000036053000 	/usr/lib/system/libmacho.dylib
0x0000000036053000 	/usr/lib/system/libquarantine.dylib
0x0000000036053000 	/usr/lib/system/libremovefile.dylib
0x0000000036053000 	/usr/lib/system/libsystem_asl.dylib
0x0000000036053000 	/usr/lib/system/libsystem_blocks.dylib
0x0000000036053000 	/usr/lib/system/libsystem_c.dylib
0x0000000036053000 	/usr/lib/system/libsystem_configuration.dylib
0x0000000036053000 	/usr/lib/system/libsystem_coreservices.dylib
0x0000000036053000 	/usr/lib/system/libsystem_coretls.dylib
0x0000000036053000 	/usr/lib/system/libsystem_dnssd.dylib
0x0000000036053000 	/usr/lib/system/libsystem_info.dylib
0x0000000036053000 	/usr/lib/system/libsystem_kernel.dylib
0x0000000036053000 	/usr/lib/system/libsystem_m.dylib
0x0000000036053000 	/usr/lib/system/libsystem_malloc.dylib
0x0000000036053000 	/usr/lib/system/libsystem_network.dylib
0x0000000036053000 	/usr/lib/system/libsystem_networkextension.dylib
0x0000000036053000 	/usr/lib/system/libsystem_notify.dylib
0x0000000036053000 	/usr/lib/system/libsystem_platform.dylib
0x0000000036053000 	/usr/lib/system/libsystem_pthread.dylib
0x0000000036053000 	/usr/lib/system/libsystem_sandbox.dylib
0x0000000036053000 	/usr/lib/system/libsystem_secinit.dylib
0x0000000036053000 	/usr/lib/system/libsystem_symptoms.dylib
0x0000000036053000 	/usr/lib/system/libsystem_trace.dylib
0x0000000036053000 	/usr/lib/system/libunwind.dylib
0x0000000036053000 	/usr/lib/system/libxpc.dylib
0x0000000036053000 	/usr/lib/libbsm.0.dylib
0x0000000036053000 	/usr/lib/system/libkxld.dylib
0x0000000036053000 	/usr/lib/libcoretls.dylib
0x0000000036053000 	/usr/lib/libcoretls_cfhelpers.dylib
0x0000000036053000 	/usr/lib/libxar.1.dylib
0x0000000036053000 	/usr/lib/libsqlite3.dylib
0x0000000036053000 	/usr/lib/libpam.2.dylib
0x0000000036053000 	/usr/lib/libOpenScriptingUtil.dylib
0x0000000036053000 	/usr/lib/libbz2.1.0.dylib
0x0000000036053000 	/usr/lib/liblzma.5.dylib
0x0000000036053000 	/usr/lib/libnetwork.dylib
0x0000000036053000 	/usr/lib/libpcap.A.dylib
0x0000000036053000 	/System/Library/Frameworks/CoreServices.framework/Versions/A/Frameworks/FSEvents.framework/Versions/A/FSEvents
0x0000000036053000 	/System/Library/Frameworks/CoreServices.framework/Versions/A/Frameworks/CarbonCore.framework/Versions/A/CarbonCore
0x0000000036053000 	/System/Library/Frameworks/CoreServices.framework/Versions/A/Frameworks/Metadata.framework/Versions/A/Metadata
0x0000000036053000 	/System/Library/Frameworks/CoreServices.framework/Versions/A/Frameworks/OSServices.framework/Versions/A/OSServices
0x0000000036053000 	/System/Library/Frameworks/CoreServices.framework/Versions/A/Frameworks/SearchKit.framework/Versions/A/SearchKit
0x0000000036053000 	/System/Library/Frameworks/CoreServices.framework/Versions/A/Frameworks/AE.framework/Versions/A/AE
0x0000000036053000 	/System/Library/Frameworks/CoreServices.framework/Versions/A/Frameworks/LaunchServices.framework/Versions/A/LaunchServices
0x0000000036053000 	/System/Library/Frameworks/CoreServices.framework/Versions/A/Frameworks/DictionaryServices.framework/Versions/A/DictionaryServices
0x0000000036053000 	/System/Library/Frameworks/CoreServices.framework/Versions/A/Frameworks/SharedFileList.framework/Versions/A/SharedFileList
0x0000000036053000 	/System/Library/Frameworks/NetFS.framework/Versions/A/NetFS
0x0000000036053000 	/System/Library/PrivateFrameworks/NetAuth.framework/Versions/A/NetAuth
0x0000000036053000 	/System/Library/PrivateFrameworks/login.framework/Versions/A/Frameworks/loginsupport.framework/Versions/A/loginsupport
0x0000000036053000 	/System/Library/PrivateFrameworks/TCC.framework/Versions/A/TCC
0x0000000036053000 	/usr/lib/libmecabra.dylib
0x0000000036053000 	/System/Library/Frameworks/ApplicationServices.framework/Versions/A/Frameworks/ATS.framework/Versions/A/ATS
0x0000000036053000 	/System/Library/Frameworks/ApplicationServices.framework/Versions/A/Frameworks/ColorSync.framework/Versions/A/ColorSync
0x0000000036053000 	/System/Library/Frameworks/ApplicationServices.framework/Versions/A/Frameworks/HIServices.framework/Versions/A/HIServices
0x0000000036053000 	/System/Library/Frameworks/ApplicationServices.framework/Versions/A/Frameworks/LangAnalysis.framework/Versions/A/LangAnalysis
0x0000000036053000 	/System/Library/Frameworks/ApplicationServices.framework/Versions/A/Frameworks/PrintCore.framework/Versions/A/PrintCore
0x0000000036053000 	/System/Library/Frameworks/ApplicationServices.framework/Versions/A/Frameworks/QD.framework/Versions/A/QD
0x0000000036053000 	/System/Library/Frameworks/ApplicationServices.framework/Versions/A/Frameworks/SpeechSynthesis.framework/Versions/A/SpeechSynthesis
0x0000000036053000 	/System/Library/Frameworks/Accelerate.framework/Versions/A/Frameworks/vImage.framework/Versions/A/vImage
0x0000000036053000 	/System/Library/Frameworks/Accelerate.framework/Versions/A/Frameworks/vecLib.framework/Versions/A/vecLib
0x0000000036053000 	/System/Library/Frameworks/Accelerate.framework/Versions/A/Frameworks/vecLib.framework/Versions/A/libvDSP.dylib
0x0000000036053000 	/System/Library/Frameworks/Accelerate.framework/Versions/A/Frameworks/vecLib.framework/Versions/A/libBNNS.dylib
0x0000000036053000 	/System/Library/Frameworks/Accelerate.framework/Versions/A/Frameworks/vecLib.framework/Versions/A/libQuadrature.dylib
0x0000000036053000 	/System/Library/Frameworks/Accelerate.framework/Versions/A/Frameworks/vecLib.framework/Versions/A/libvMisc.dylib
0x0000000036053000 	/System/Library/Frameworks/Accelerate.framework/Versions/A/Frameworks/vecLib.framework/Versions/A/libLAPACK.dylib
0x0000000036053000 	/System/Library/Frameworks/Accelerate.framework/Versions/A/Frameworks/vecLib.framework/Versions/A/libBLAS.dylib
0x0000000036053000 	/System/Library/Frameworks/Accelerate.framework/Versions/A/Frameworks/vecLib.framework/Versions/A/libLinearAlgebra.dylib
0x0000000036053000 	/System/Library/Frameworks/Accelerate.framework/Versions/A/Frameworks/vecLib.framework/Versions/A/libSparseBLAS.dylib
0x0000000036053000 	/System/Library/Frameworks/ApplicationServices.framework/Versions/A/Frameworks/ATS.framework/Versions/A/Resources/libFontParser.dylib
0x0000000036053000 	/System/Library/Frameworks/ApplicationServices.framework/Versions/A/Frameworks/ATS.framework/Versions/A/Resources/libFontRegistry.dylib
0x0000000036053000 	/System/Library/Frameworks/ImageIO.framework/Versions/A/Resources/libJPEG.dylib
0x0000000036053000 	/System/Library/Frameworks/ImageIO.framework/Versions/A/Resources/libTIFF.dylib
0x0000000036053000 	/System/Library/Frameworks/ImageIO.framework/Versions/A/Resources/libPng.dylib
0x0000000036053000 	/System/Library/Frameworks/ImageIO.framework/Versions/A/Resources/libGIF.dylib
0x0000000036053000 	/System/Library/Frameworks/ImageIO.framework/Versions/A/Resources/libJP2.dylib
0x0000000036053000 	/System/Library/Frameworks/ImageIO.framework/Versions/A/Resources/libRadiance.dylib
0x0000000036053000 	/usr/lib/libcompression.dylib
0x0000000036053000 	/System/Library/PrivateFrameworks/AppleJPEG.framework/Versions/A/AppleJPEG
0x0000000036053000 	/usr/lib/libcups.2.dylib
0x0000000036053000 	/System/Library/Frameworks/Kerberos.framework/Versions/A/Kerberos
0x0000000036053000 	/System/Library/Frameworks/GSS.framework/Versions/A/GSS
0x0000000036053000 	/usr/lib/libresolv.9.dylib
0x0000000036053000 	/usr/lib/libiconv.2.dylib
0x0000000036053000 	/System/Library/PrivateFrameworks/Heimdal.framework/Versions/A/Heimdal
0x0000000036053000 	/usr/lib/libheimdal-asn1.dylib
0x0000000036053000 	/System/Library/Frameworks/OpenDirectory.framework/Versions/A/OpenDirectory
0x0000000036053000 	/System/Library/PrivateFrameworks/CommonAuth.framework/Versions/A/CommonAuth
0x0000000036053000 	/System/Library/Frameworks/OpenDirectory.framework/Versions/A/Frameworks/CFOpenDirectory.framework/Versions/A/CFOpenDirectory
0x0000000036053000 	/System/Library/Frameworks/SecurityFoundation.framework/Versions/A/SecurityFoundation
0x0000000036053000 	/System/Library/PrivateFrameworks/LanguageModeling.framework/Versions/A/LanguageModeling
0x0000000036053000 	/usr/lib/libmarisa.dylib
0x0000000036053000 	/usr/lib/libChineseTokenizer.dylib
0x0000000036053000 	/usr/lib/libcmph.dylib
0x0000000036053000 	/System/Library/PrivateFrameworks/CoreEmoji.framework/Versions/A/CoreEmoji
0x0000000036053000 	/System/Library/Frameworks/ServiceManagement.framework/Versions/A/ServiceManagement
0x0000000036053000 	/usr/lib/libxslt.1.dylib
0x0000000036053000 	/System/Library/Frameworks/Carbon.framework/Versions/A/Frameworks/Ink.framework/Versions/A/Ink
0x0000000036053000 	/System/Library/PrivateFrameworks/TextureIO.framework/Versions/A/TextureIO
0x0000000036053000 	/System/Library/Frameworks/Metal.framework/Versions/A/Metal
0x0000000036053000 	/usr/lib/libate.dylib
0x0000000036053000 	/System/Library/PrivateFrameworks/GPUCompiler.framework/libmetal_timestamp.dylib
0x0000000036053000 	/System/Library/Frameworks/OpenGL.framework/Versions/A/Libraries/libCoreFSCache.dylib
0x0000000036053000 	/System/Library/PrivateFrameworks/IOAccelerator.framework/Versions/A/IOAccelerator
0x0000000036053000 	/System/Library/Frameworks/CoreVideo.framework/Versions/A/CoreVideo
0x0000000036053000 	/usr/lib/libFosl_dynamic.dylib
0x0000000036053000 	/System/Library/PrivateFrameworks/MetalPerformanceShaders.framework/Versions/A/MetalPerformanceShaders
0x0000000036053000 	/System/Library/PrivateFrameworks/FaceCore.framework/Versions/A/FaceCore
0x0000000036053000 	/System/Library/Frameworks/OpenCL.framework/Versions/A/OpenCL
0x0000000036053000 	/System/Library/Frameworks/OpenGL.framework/Versions/A/Libraries/libGLU.dylib
0x0000000036053000 	/System/Library/Frameworks/OpenGL.framework/Versions/A/Libraries/libGFXShared.dylib
0x0000000036053000 	/System/Library/Frameworks/OpenGL.framework/Versions/A/Libraries/libGL.dylib
0x0000000036053000 	/System/Library/Frameworks/OpenGL.framework/Versions/A/Libraries/libGLImage.dylib
0x0000000036053000 	/System/Library/Frameworks/OpenGL.framework/Versions/A/Libraries/libCVMSPluginSupport.dylib
0x0000000036053000 	/System/Library/Frameworks/OpenGL.framework/Versions/A/Libraries/libCoreVMClient.dylib
0x0000000036053000 	/System/Library/PrivateFrameworks/CrashReporterSupport.framework/Versions/A/CrashReporterSupport
0x0000000036053000 	/System/Library/PrivateFrameworks/Sharing.framework/Versions/A/Sharing
0x0000000036053000 	/System/Library/PrivateFrameworks/IconServices.framework/Versions/A/IconServices
0x0000000036053000 	/System/Library/PrivateFrameworks/ProtocolBuffer.framework/Versions/A/ProtocolBuffer
0x0000000036053000 	/System/Library/PrivateFrameworks/Apple80211.framework/Versions/A/Apple80211
0x0000000036053000 	/System/Library/Frameworks/CoreWLAN.framework/Versions/A/CoreWLAN
0x0000000036053000 	/System/Library/PrivateFrameworks/CoreUtils.framework/Versions/A/CoreUtils
0x0000000036053000 	/System/Library/Frameworks/IOBluetooth.framework/Versions/A/IOBluetooth
0x0000000036053000 	/System/Library/PrivateFrameworks/CoreWiFi.framework/Versions/A/CoreWiFi
0x0000000036053000 	/System/Library/Frameworks/CoreBluetooth.framework/Versions/A/CoreBluetooth
0x0000000036053000 	/System/Library/Frameworks/CoreDisplay.framework/Versions/A/CoreDisplay
0x0000000036053000 	/System/Library/PrivateFrameworks/IOPresentment.framework/Versions/A/IOPresentment
0x0000000036053000 	/System/Library/PrivateFrameworks/DebugSymbols.framework/Versions/A/DebugSymbols
0x0000000036053000 	/System/Library/PrivateFrameworks/CoreSymbolication.framework/Versions/A/CoreSymbolication
0x0000000036053000 	/System/Library/PrivateFrameworks/Symbolication.framework/Versions/A/Symbolication
0x0000000036053000 	/System/Library/PrivateFrameworks/AppleFSCompression.framework/Versions/A/AppleFSCompression
0x0000000036053000 	/System/Library/PrivateFrameworks/SpeechRecognitionCore.framework/Versions/A/SpeechRecognitionCore
0x0000000036053000 	/System/Library/PrivateFrameworks/ChunkingLibrary.framework/Versions/A/ChunkingLibrary
0x000000010ce00000 	/Library/Java/JavaVirtualMachines/jdk1.8.0_74.jdk/Contents/Home/jre/lib/server/libjvm.dylib
0x0000000036053000 	/usr/lib/libstdc++.6.dylib
0x000000010bd8a000 	/Library/Java/JavaVirtualMachines/jdk1.8.0_74.jdk/Contents/Home/jre/lib/libverify.dylib
0x000000010bd98000 	/Library/Java/JavaVirtualMachines/jdk1.8.0_74.jdk/Contents/Home/jre/lib/libjava.dylib
0x000000010bdd7000 	/Library/Java/JavaVirtualMachines/jdk1.8.0_74.jdk/Contents/Home/jre/lib/libzip.dylib
0x000000010bde1000 	/System/Library/Frameworks/JavaVM.framework/Frameworks/JavaRuntimeSupport.framework/JavaRuntimeSupport
0x0000000110040000 	/System/Library/Frameworks/JavaVM.framework/Versions/A/Frameworks/JavaNativeFoundation.framework/Versions/A/JavaNativeFoundation
0x0000000128ee5000 	/System/Library/Frameworks/JavaVM.framework/Versions/A/JavaVM
0x0000000036053000 	/System/Library/Frameworks/Carbon.framework/Versions/A/Carbon
0x0000000128ef2000 	/System/Library/PrivateFrameworks/JavaLaunching.framework/Versions/A/JavaLaunching
0x0000000036053000 	/System/Library/Frameworks/Carbon.framework/Versions/A/Frameworks/CommonPanels.framework/Versions/A/CommonPanels
0x0000000036053000 	/System/Library/Frameworks/Carbon.framework/Versions/A/Frameworks/Help.framework/Versions/A/Help
0x0000000036053000 	/System/Library/Frameworks/Carbon.framework/Versions/A/Frameworks/ImageCapture.framework/Versions/A/ImageCapture
0x0000000036053000 	/System/Library/Frameworks/Carbon.framework/Versions/A/Frameworks/OpenScripting.framework/Versions/A/OpenScripting
0x0000000036053000 	/System/Library/Frameworks/Carbon.framework/Versions/A/Frameworks/Print.framework/Versions/A/Print
0x0000000036053000 	/System/Library/Frameworks/Carbon.framework/Versions/A/Frameworks/SecurityHI.framework/Versions/A/SecurityHI
0x000000012a7fa000 	/Library/Java/JavaVirtualMachines/jdk1.8.0_74.jdk/Contents/Home/jre/lib/libawt.dylib
0x000000012a8a2000 	/Library/Java/JavaVirtualMachines/jdk1.8.0_74.jdk/Contents/Home/jre/lib/./libmlib_image.dylib
0x000000012a96e000 	/Library/Java/JavaVirtualMachines/jdk1.8.0_74.jdk/Contents/Home/jre/lib/libawt_lwawt.dylib
0x000000012aa23000 	/Library/Java/JavaVirtualMachines/jdk1.8.0_74.jdk/Contents/Home/jre/lib/./libosxapp.dylib
0x0000000036053000 	/System/Library/Frameworks/ExceptionHandling.framework/Versions/A/ExceptionHandling
0x0000000036053000 	/System/Library/PrivateFrameworks/CoreServicesInternal.framework/Versions/A/CoreServicesInternal
0x0000000036053000 	/System/Library/CoreServices/RawCamera.bundle/Contents/MacOS/RawCamera
0x0000000036053000 	/System/Library/Frameworks/Accelerate.framework/Versions/A/Frameworks/vImage.framework/Versions/A/Libraries/libCGInterfaces.dylib
0x0000000036053000 	/System/Library/Frameworks/ApplicationServices.framework/Versions/A/Frameworks/ATS.framework/Versions/A/Resources/libTrueTypeScaler.dylib
0x0000000036053000 	/System/Library/Frameworks/OpenGL.framework/Versions/A/Resources/GLEngine.bundle/GLEngine
0x0000000036053000 	/System/Library/Frameworks/OpenGL.framework/Versions/A/Libraries/libGLProgrammability.dylib
0x000000012c82e000 	/System/Library/Extensions/AppleIntelHD5000GraphicsGLDriver.bundle/Contents/MacOS/AppleIntelHD5000GraphicsGLDriver
0x0000000036053000 	/System/Library/PrivateFrameworks/GPUSupport.framework/Versions/A/Libraries/libGPUSupportMercury.dylib
0x000000012cfac000 	/System/Library/Extensions/AMDRadeonX4000GLDriver.bundle/Contents/MacOS/AMDRadeonX4000GLDriver
0x000000012d087000 	/System/Library/Extensions/AMDRadeonX4000GLDriver.bundle/Contents/MacOS/ATIRadeonX4000SCLib.dylib
0x0000000036053000 	/System/Library/Frameworks/OpenGL.framework/Versions/A/Resources/GLRendererFloat.bundle/GLRendererFloat
0x0000000036053000 	/System/Library/Frameworks/OpenCL.framework/Versions/A/Libraries/libcldcpuengine.dylib
0x0000000036053000 	/usr/lib/libcrypto.0.9.8.dylib
0x0000000036053000 	/System/Library/PrivateFrameworks/TrustEvaluationAgent.framework/Versions/A/TrustEvaluationAgent
0x0000000036053000 	/System/Library/Extensions/AMDMTLBronzeDriver.bundle/Contents/MacOS/AMDMTLBronzeDriver
0x0000000036053000 	/System/Library/PrivateFrameworks/IOAccelMemoryInfo.framework/Versions/A/IOAccelMemoryInfo
0x000000012d5de000 	/System/Library/Extensions/AppleIntelHD5000GraphicsMTLDriver.bundle/Contents/MacOS/AppleIntelHD5000GraphicsMTLDriver
0x0000000036053000 	/System/Library/PrivateFrameworks/FamilyControls.framework/Versions/A/FamilyControls
0x0000000036053000 	/System/Library/PrivateFrameworks/CommerceKit.framework/Versions/A/Frameworks/CommerceCore.framework/Versions/A/CommerceCore
0x0000000036053000 	/System/Library/PrivateFrameworks/SystemAdministration.framework/Versions/A/SystemAdministration
0x0000000036053000 	/System/Library/PrivateFrameworks/AppContainer.framework/Versions/A/AppContainer
0x0000000036053000 	/System/Library/PrivateFrameworks/SecCodeWrapper.framework/Versions/A/SecCodeWrapper
0x0000000036053000 	/System/Library/Frameworks/DirectoryService.framework/Versions/A/DirectoryService
0x0000000036053000 	/System/Library/PrivateFrameworks/DiskImages.framework/Versions/A/DiskImages
0x0000000036053000 	/System/Library/PrivateFrameworks/LoginUIKit.framework/Versions/A/Frameworks/LoginUICore.framework/Versions/A/LoginUICore
0x0000000036053000 	/usr/lib/libCoreStorage.dylib
0x0000000036053000 	/usr/lib/libcsfde.dylib
0x0000000036053000 	/usr/lib/libodfde.dylib
0x0000000036053000 	/System/Library/Frameworks/DiscRecording.framework/Versions/A/DiscRecording
0x0000000036053000 	/usr/lib/libcurl.4.dylib
0x0000000036053000 	/System/Library/PrivateFrameworks/MediaKit.framework/Versions/A/MediaKit
0x0000000036053000 	/System/Library/PrivateFrameworks/ProtectedCloudStorage.framework/Versions/A/ProtectedCloudStorage
0x0000000036053000 	/System/Library/PrivateFrameworks/EFILogin.framework/Versions/A/EFILogin
0x0000000036053000 	/usr/lib/libutil.dylib
0x0000000036053000 	/System/Library/Frameworks/LDAP.framework/Versions/A/LDAP
0x0000000036053000 	/usr/lib/libsasl2.2.dylib
0x0000000036053000 	/System/Library/PrivateFrameworks/CoreDaemon.framework/Versions/B/CoreDaemon
0x0000000036053000 	/System/Library/PrivateFrameworks/AppleSRP.framework/Versions/A/AppleSRP
0x0000000036053000 	/System/Library/PrivateFrameworks/APFS.framework/Versions/A/APFS
0x000000012ea50000 	/Library/Java/JavaVirtualMachines/jdk1.8.0_74.jdk/Contents/Home/jre/lib/libfontmanager.dylib
0x000000012eab7000 	/Library/Java/JavaVirtualMachines/jdk1.8.0_74.jdk/Contents/Home/jre/lib/libosxui.dylib
0x0000000036053000 	/System/Library/PrivateFrameworks/ViewBridge.framework/Versions/A/ViewBridge
0x0000000036053000 	/System/Library/PrivateFrameworks/XPCService.framework/Versions/A/XPCService
0x0000000036053000 	/System/Library/PrivateFrameworks/AppSandbox.framework/Versions/A/AppSandbox
0x0000000036053000 	/usr/lib/libsandbox.1.dylib
0x0000000036053000 	/usr/lib/libMatch.1.dylib
0x0000000130d45000 	/Library/Java/JavaVirtualMachines/jdk1.8.0_74.jdk/Contents/Home/jre/lib/libnet.dylib
0x000000012d925000 	/Library/Java/JavaVirtualMachines/jdk1.8.0_74.jdk/Contents/Home/jre/lib/libnio.dylib

VM Arguments:
java_command: GUI 4
java_class_path (initial): .:/Users/bryguy/Desktop/newbailey.jar:
Launcher Type: SUN_STANDARD

Environment Variables:
CLASSPATH=.:/Users/bryguy/Desktop/newbailey.jar:
PATH=/opt/local/bin:/opt/local/sbin:/opt/local/bin:/opt/local/sbin:/usr/local/bin:/usr/bin:/bin:/usr/sbin:/sbin:/opt/X11/bin
SHELL=/bin/bash
DISPLAY=/private/tmp/com.apple.launchd.KigPkL46ro/org.macosforge.xquartz:0

Signal Handlers:
SIGSEGV: [libjvm.dylib+0x5a6855], sa_mask[0]=11111111011111110111111111111111, sa_flags=SA_ONSTACK|SA_RESTART|SA_SIGINFO
SIGBUS: [libjvm.dylib+0x5a6855], sa_mask[0]=11111111011111110111111111111111, sa_flags=SA_RESTART|SA_SIGINFO
SIGFPE: [libjvm.dylib+0x4804ec], sa_mask[0]=11111111011111110111111111111111, sa_flags=SA_RESTART|SA_SIGINFO
SIGPIPE: [libjvm.dylib+0x4804ec], sa_mask[0]=11111111011111110111111111111111, sa_flags=SA_RESTART|SA_SIGINFO
SIGXFSZ: [libjvm.dylib+0x4804ec], sa_mask[0]=11111111011111110111111111111111, sa_flags=SA_RESTART|SA_SIGINFO
SIGILL: [libjvm.dylib+0x4804ec], sa_mask[0]=11111111011111110111111111111111, sa_flags=SA_RESTART|SA_SIGINFO
SIGUSR1: SIG_DFL, sa_mask[0]=11011111011111100000000111000110, sa_flags=none
SIGUSR2: [libjvm.dylib+0x48000a], sa_mask[0]=00000000000000000000000000000000, sa_flags=SA_RESTART|SA_SIGINFO
SIGHUP: [libjvm.dylib+0x47e5e1], sa_mask[0]=11111111011111110111111111111111, sa_flags=SA_RESTART|SA_SIGINFO
SIGINT: [libjvm.dylib+0x47e5e1], sa_mask[0]=11111111011111110111111111111111, sa_flags=SA_RESTART|SA_SIGINFO
SIGTERM: [libjvm.dylib+0x47e5e1], sa_mask[0]=11111111011111110111111111111111, sa_flags=SA_RESTART|SA_SIGINFO
SIGQUIT: [libjvm.dylib+0x47e5e1], sa_mask[0]=11111111011111110111111111111111, sa_flags=SA_RESTART|SA_SIGINFO


---------------  S Y S T E M  ---------------

OS:Bsduname:Darwin 16.1.0 Darwin Kernel Version 16.1.0: Thu Oct 13 21:26:57 PDT 2016; root:xnu-3789.21.3~60/RELEASE_X86_64 x86_64
rlimit: STACK 8192k, CORE 0k, NPROC 709, NOFILE 10240, AS infinity
load average:1.88 1.87 1.90

CPU:total 8 (4 cores per cpu, 2 threads per core) family 6 model 70 stepping 1, cmov, cx8, fxsr, mmx, sse, sse2, sse3, ssse3, sse4.1, sse4.2, popcnt, avx, avx2, aes, clmul, erms, lzcnt, ht, tsc, tscinvbit, bmi1, bmi2

Memory: 4k page, physical 16777216k(866300k free)

/proc/meminfo:


vm_info: Java HotSpot(TM) 64-Bit Server VM (25.74-b02) for bsd-amd64 JRE (1.8.0_74-b02), built on Jan 29 2016 15:32:34 by "java_re" with gcc 4.2.1 (Based on Apple Inc. build 5658) (LLVM build 2336.11.00)

time: Wed Dec  7 10:14:32 2016
elapsed time: 1382 seconds (0d 0h 23m 2s)

